# JRE version: OpenJDK Runtime Environment Temurin-21.0.12.1+1 (21.0.12.1+1) (build 21.0.12.1+1-LTS)
# Java VM: OpenJDK 64-Bit Server VM Temurin-21.0.12.1+1 (21.0.12.1+1-LTS, mixed mode, sharing, tiered, compressed oops, compressed class ptrs, parallel gc, windows-amd64)
GC Precious Log:
 CardTable entry size: 512
 CPUs: 8 total, 8 available
 Memory: 8066M
 Large Page Support: Disabled
 NUMA Support: Disabled
 Compressed Oops: Enabled (32-bit)
 Alignments: Space 512K, Generation 512K, Heap 2M
 Heap Min Capacity: 100M
 Heap Initial Capacity: 100M
 Heap Max Capacity: 2G
 Pre-touch: Disabled
 Parallel Workers: 8
Heap:
 PSYoungGen      total 10240K, used 10027K [0x00000000d5580000, 0x00000000d6280000, 0x0000000100000000)
  eden space 9728K, 100% used [0x00000000d5580000,0x00000000d5f00000,0x00000000d5f00000)
  from space 512K, 58% used [0x00000000d6200000,0x00000000d624ad80,0x00000000d6280000)
  to   space 512K, 37% used [0x00000000d6180000,0x00000000d61b0000,0x00000000d6200000)
 ParOldGen       total 573440K, used 573432K [0x0000000080000000, 0x00000000a3080000, 0x00000000d5580000)
  object space 573440K, 99% used [0x0000000080000000,0x00000000a2ffe2e0,0x00000000a3000000)
 Metaspace       used 72677K, committed 74624K, reserved 1179648K
  class space    used 7194K, committed 8128K, reserved 1048576K
GC Heap History (20 events):
Event: 529.783 GC heap after
{Heap after GC invocations=14758 (full 5):
 PSYoungGen      total 10240K, used 320K [0x00000000d5580000, 0x00000000d6280000, 0x0000000100000000)
  eden space 9728K, 0% used [0x00000000d5580000,0x00000000d5580000,0x00000000d5f00000)
  from space 512K, 62% used [0x00000000d6180000,0x00000000d61d0000,0x00000000d6200000)
  to   space 512K, 0% used [0x00000000d6200000,0x00000000d6200000,0x00000000d6280000)
 ParOldGen       total 572416K, used 572227K [0x0000000080000000, 0x00000000a2f00000, 0x00000000d5580000)
  object space 572416K, 99% used [0x0000000080000000,0x00000000a2ed0ec0,0x00000000a2f00000)
 Metaspace       used 72677K, committed 74624K, reserved 1179648K
  class space    used 7194K, committed 8128K, reserved 1048576K
}
Event: 529.800 GC heap before
{Heap before GC invocations=14759 (full 5):
 PSYoungGen      total 10240K, used 10048K [0x00000000d5580000, 0x00000000d6280000, 0x0000000100000000)
  eden space 9728K, 100% used [0x00000000d5580000,0x00000000d5f00000,0x00000000d5f00000)
  from space 512K, 62% used [0x00000000d6180000,0x00000000d61d0000,0x00000000d6200000)
  to   space 512K, 0% used [0x00000000d6200000,0x00000000d6200000,0x00000000d6280000)
 ParOldGen       total 572416K, used 572227K [0x0000000080000000, 0x00000000a2f00000, 0x00000000d5580000)
  object space 572416K, 99% used [0x0000000080000000,0x00000000a2ed0ec0,0x00000000a2f00000)
 Metaspace       used 72677K, committed 74624K, reserved 1179648K
  class space    used 7194K, committed 8128K, reserved 1048576K
}
Event: 529.802 GC heap after
{Heap after GC invocations=14759 (full 5):
 PSYoungGen      total 10240K, used 320K [0x00000000d5580000, 0x00000000d6280000, 0x0000000100000000)
  eden space 9728K, 0% used [0x00000000d5580000,0x00000000d5580000,0x00000000d5f00000)
  from space 512K, 62% used [0x00000000d6200000,0x00000000d6250000,0x00000000d6280000)
  to   space 512K, 0% used [0x00000000d6180000,0x00000000d6180000,0x00000000d6200000)
 ParOldGen       total 572928K, used 572419K [0x0000000080000000, 0x00000000a2f80000, 0x00000000d5580000)
  object space 572928K, 99% used [0x0000000080000000,0x00000000a2f00ec0,0x00000000a2f80000)
 Metaspace       used 72677K, committed 74624K, reserved 1179648K
  class space    used 7194K, committed 8128K, reserved 1048576K
}
Event: 529.821 GC heap before
{Heap before GC invocations=14760 (full 5):
 PSYoungGen      total 10240K, used 10048K [0x00000000d5580000, 0x00000000d6280000, 0x0000000100000000)
  eden space 9728K, 100% used [0x00000000d5580000,0x00000000d5f00000,0x00000000d5f00000)
  from space 512K, 62% used [0x00000000d6200000,0x00000000d6250000,0x00000000d6280000)
  to   space 512K, 0% used [0x00000000d6180000,0x00000000d6180000,0x00000000d6200000)
 ParOldGen       total 572928K, used 572419K [0x0000000080000000, 0x00000000a2f80000, 0x00000000d5580000)
  object space 572928K, 99% used [0x0000000080000000,0x00000000a2f00ec0,0x00000000a2f80000)
 Metaspace       used 72677K, committed 74624K, reserved 1179648K
  class space    used 7194K, committed 8128K, reserved 1048576K
}
Event: 529.824 GC heap after
{Heap after GC invocations=14760 (full 5):
 PSYoungGen      total 10240K, used 492K [0x00000000d5580000, 0x00000000d6280000, 0x0000000100000000)
  eden space 9728K, 0% used [0x00000000d5580000,0x00000000d5580000,0x00000000d5f00000)
  from space 512K, 96% used [0x00000000d6180000,0x00000000d61fb0b8,0x00000000d6200000)
  to   space 512K, 0% used [0x00000000d6200000,0x00000000d6200000,0x00000000d6280000)
 ParOldGen       total 572928K, used 572522K [0x0000000080000000, 0x00000000a2f80000, 0x00000000d5580000)
  object space 572928K, 99% used [0x0000000080000000,0x00000000a2f1aaa0,0x00000000a2f80000)
 Metaspace       used 72677K, committed 74624K, reserved 1179648K
  class space    used 7194K, committed 8128K, reserved 1048576K
}
Event: 529.837 GC heap before
{Heap before GC invocations=14761 (full 5):
 PSYoungGen      total 10240K, used 10220K [0x00000000d5580000, 0x00000000d6280000, 0x0000000100000000)
  eden space 9728K, 100% used [0x00000000d5580000,0x00000000d5f00000,0x00000000d5f00000)
  from space 512K, 96% used [0x00000000d6180000,0x00000000d61fb0b8,0x00000000d6200000)
  to   space 512K, 0% used [0x00000000d6200000,0x00000000d6200000,0x00000000d6280000)
 ParOldGen       total 572928K, used 572522K [0x0000000080000000, 0x00000000a2f80000, 0x00000000d5580000)
  object space 572928K, 99% used [0x0000000080000000,0x00000000a2f1aaa0,0x00000000a2f80000)
 Metaspace       used 72677K, committed 74624K, reserved 1179648K
  class space    used 7194K, committed 8128K, reserved 1048576K
}
Event: 529.839 GC heap after
{Heap after GC invocations=14761 (full 5):
 PSYoungGen      total 10240K, used 274K [0x00000000d5580000, 0x00000000d6280000, 0x0000000100000000)
  eden space 9728K, 0% used [0x00000000d5580000,0x00000000d5580000,0x00000000d5f00000)
  from space 512K, 53% used [0x00000000d6200000,0x00000000d6244858,0x00000000d6280000)
  to   space 512K, 0% used [0x00000000d6180000,0x00000000d6180000,0x00000000d6200000)
 ParOldGen       total 572928K, used 572570K [0x0000000080000000, 0x00000000a2f80000, 0x00000000d5580000)
  object space 572928K, 99% used [0x0000000080000000,0x00000000a2f26aa0,0x00000000a2f80000)
 Metaspace       used 72677K, committed 74624K, reserved 1179648K
  class space    used 7194K, committed 8128K, reserved 1048576K
}
Event: 529.851 GC heap before
{Heap before GC invocations=14762 (full 5):
 PSYoungGen      total 10240K, used 10002K [0x00000000d5580000, 0x00000000d6280000, 0x0000000100000000)
  eden space 9728K, 100% used [0x00000000d5580000,0x00000000d5f00000,0x00000000d5f00000)
  from space 512K, 53% used [0x00000000d6200000,0x00000000d6244858,0x00000000d6280000)
  to   space 512K, 0% used [0x00000000d6180000,0x00000000d6180000,0x00000000d6200000)
 ParOldGen       total 572928K, used 572570K [0x0000000080000000, 0x00000000a2f80000, 0x00000000d5580000)
  object space 572928K, 99% used [0x0000000080000000,0x00000000a2f26aa0,0x00000000a2f80000)
 Metaspace       used 72677K, committed 74624K, reserved 1179648K
  class space    used 7194K, committed 8128K, reserved 1048576K
}
Event: 529.853 GC heap after
{Heap after GC invocations=14762 (full 5):
 PSYoungGen      total 10240K, used 418K [0x00000000d5580000, 0x00000000d6280000, 0x0000000100000000)
  eden space 9728K, 0% used [0x00000000d5580000,0x00000000d5580000,0x00000000d5f00000)
  from space 512K, 81% used [0x00000000d6180000,0x00000000d61e8a60,0x00000000d6200000)
  to   space 512K, 0% used [0x00000000d6200000,0x00000000d6200000,0x00000000d6280000)
 ParOldGen       total 572928K, used 572626K [0x0000000080000000, 0x00000000a2f80000, 0x00000000d5580000)
  object space 572928K, 99% used [0x0000000080000000,0x00000000a2f34ab0,0x00000000a2f80000)
 Metaspace       used 72677K, committed 74624K, reserved 1179648K
  class space    used 7194K, committed 8128K, reserved 1048576K
}
Event: 529.867 GC heap before
{Heap before GC invocations=14763 (full 5):
 PSYoungGen      total 10240K, used 10146K [0x00000000d5580000, 0x00000000d6280000, 0x0000000100000000)
  eden space 9728K, 100% used [0x00000000d5580000,0x00000000d5f00000,0x00000000d5f00000)
  from space 512K, 81% used [0x00000000d6180000,0x00000000d61e8a60,0x00000000d6200000)
  to   space 512K, 0% used [0x00000000d6200000,0x00000000d6200000,0x00000000d6280000)
 ParOldGen       total 572928K, used 572642K [0x0000000080000000, 0x00000000a2f80000, 0x00000000d5580000)
  object space 572928K, 99% used [0x0000000080000000,0x00000000a2f38ac0,0x00000000a2f80000)
 Metaspace       used 72677K, committed 74624K, reserved 1179648K
  class space    used 7194K, committed 8128K, reserved 1048576K
}
Event: 529.868 GC heap after
{Heap after GC invocations=14763 (full 5):
 PSYoungGen      total 10240K, used 444K [0x00000000d5580000, 0x00000000d6280000, 0x0000000100000000)
  eden space 9728K, 0% used [0x00000000d5580000,0x00000000d5580000,0x00000000d5f00000)
  from space 512K, 86% used [0x00000000d6200000,0x00000000d626f350,0x00000000d6280000)
  to   space 512K, 0% used [0x00000000d6180000,0x00000000d6180000,0x00000000d6200000)
 ParOldGen       total 572928K, used 572698K [0x0000000080000000, 0x00000000a2f80000, 0x00000000d5580000)
  object space 572928K, 99% used [0x0000000080000000,0x00000000a2f46ac0,0x00000000a2f80000)
 Metaspace       used 72677K, committed 74624K, reserved 1179648K
  class space    used 7194K, committed 8128K, reserved 1048576K
}
Event: 529.883 GC heap before
{Heap before GC invocations=14764 (full 5):
 PSYoungGen      total 10240K, used 10172K [0x00000000d5580000, 0x00000000d6280000, 0x0000000100000000)
  eden space 9728K, 100% used [0x00000000d5580000,0x00000000d5f00000,0x00000000d5f00000)
  from space 512K, 86% used [0x00000000d6200000,0x00000000d626f350,0x00000000d6280000)
  to   space 512K, 0% used [0x00000000d6180000,0x00000000d6180000,0x00000000d6200000)
 ParOldGen       total 572928K, used 572701K [0x0000000080000000, 0x00000000a2f80000, 0x00000000d5580000)
  object space 572928K, 99% used [0x0000000080000000,0x00000000a2f474b0,0x00000000a2f80000)
 Metaspace       used 72677K, committed 74624K, reserved 1179648K
  class space    used 7194K, committed 8128K, reserved 1048576K
}
Event: 529.886 GC heap after
{Heap after GC invocations=14764 (full 5):
 PSYoungGen      total 10240K, used 511K [0x00000000d5580000, 0x00000000d6280000, 0x0000000100000000)
  eden space 9728K, 0% used [0x00000000d5580000,0x00000000d5580000,0x00000000d5f00000)
  from space 512K, 99% used [0x00000000d6180000,0x00000000d61fffe8,0x00000000d6200000)
  to   space 512K, 0% used [0x00000000d6200000,0x00000000d6200000,0x00000000d6280000)
 ParOldGen       total 572928K, used 572901K [0x0000000080000000, 0x00000000a2f80000, 0x00000000d5580000)
  object space 572928K, 99% used [0x0000000080000000,0x00000000a2f794b0,0x00000000a2f80000)
 Metaspace       used 72677K, committed 74624K, reserved 1179648K
  class space    used 7194K, committed 8128K, reserved 1048576K
}
Event: 529.896 GC heap before
{Heap before GC invocations=14765 (full 5):
 PSYoungGen      total 10240K, used 10239K [0x00000000d5580000, 0x00000000d6280000, 0x0000000100000000)
  eden space 9728K, 100% used [0x00000000d5580000,0x00000000d5f00000,0x00000000d5f00000)
  from space 512K, 99% used [0x00000000d6180000,0x00000000d61fffe8,0x00000000d6200000)
  to   space 512K, 0% used [0x00000000d6200000,0x00000000d6200000,0x00000000d6280000)
 ParOldGen       total 572928K, used 572901K [0x0000000080000000, 0x00000000a2f80000, 0x00000000d5580000)
  object space 572928K, 99% used [0x0000000080000000,0x00000000a2f794b0,0x00000000a2f80000)
 Metaspace       used 72677K, committed 74624K, reserved 1179648K
  class space    used 7194K, committed 8128K, reserved 1048576K
}
Event: 529.899 GC heap after
{Heap after GC invocations=14765 (full 5):
 PSYoungGen      total 10240K, used 256K [0x00000000d5580000, 0x00000000d6280000, 0x0000000100000000)
  eden space 9728K, 0% used [0x00000000d5580000,0x00000000d5580000,0x00000000d5f00000)
  from space 512K, 50% used [0x00000000d6200000,0x00000000d6240000,0x00000000d6280000)
  to   space 512K, 0% used [0x00000000d6180000,0x00000000d6180000,0x00000000d6200000)
 ParOldGen       total 573440K, used 573148K [0x0000000080000000, 0x00000000a3000000, 0x00000000d5580000)
  object space 573440K, 99% used [0x0000000080000000,0x00000000a2fb70e0,0x00000000a3000000)
 Metaspace       used 72677K, committed 74624K, reserved 1179648K
  class space    used 7194K, committed 8128K, reserved 1048576K
}
Event: 529.922 GC heap before
{Heap before GC invocations=14766 (full 5):
 PSYoungGen      total 10240K, used 9984K [0x00000000d5580000, 0x00000000d6280000, 0x0000000100000000)
  eden space 9728K, 100% used [0x00000000d5580000,0x00000000d5f00000,0x00000000d5f00000)
  from space 512K, 50% used [0x00000000d6200000,0x00000000d6240000,0x00000000d6280000)
  to   space 512K, 0% used [0x00000000d6180000,0x00000000d6180000,0x00000000d6200000)
 ParOldGen       total 573440K, used 573148K [0x0000000080000000, 0x00000000a3000000, 0x00000000d5580000)
  object space 573440K, 99% used [0x0000000080000000,0x00000000a2fb70e0,0x00000000a3000000)
 Metaspace       used 72677K, committed 74624K, reserved 1179648K
  class space    used 7194K, committed 8128K, reserved 1048576K
}
Event: 529.925 GC heap after
{Heap after GC invocations=14766 (full 5):
 PSYoungGen      total 10240K, used 384K [0x00000000d5580000, 0x00000000d6280000, 0x0000000100000000)
  eden space 9728K, 0% used [0x00000000d5580000,0x00000000d5580000,0x00000000d5f00000)
  from space 512K, 75% used [0x00000000d6180000,0x00000000d61e0250,0x00000000d6200000)
  to   space 512K, 0% used [0x00000000d6200000,0x00000000d6200000,0x00000000d6280000)
 ParOldGen       total 573440K, used 573328K [0x0000000080000000, 0x00000000a3000000, 0x00000000d5580000)
  object space 573440K, 99% used [0x0000000080000000,0x00000000a2fe42e0,0x00000000a3000000)
 Metaspace       used 72677K, committed 74624K, reserved 1179648K
  class space    used 7194K, committed 8128K, reserved 1048576K
}
Event: 529.946 GC heap before
{Heap before GC invocations=14767 (full 5):
 PSYoungGen      total 10240K, used 10112K [0x00000000d5580000, 0x00000000d6280000, 0x0000000100000000)
  eden space 9728K, 100% used [0x00000000d5580000,0x00000000d5f00000,0x00000000d5f00000)
  from space 512K, 75% used [0x00000000d6180000,0x00000000d61e0250,0x00000000d6200000)
  to   space 512K, 0% used [0x00000000d6200000,0x00000000d6200000,0x00000000d6280000)
 ParOldGen       total 573440K, used 573328K [0x0000000080000000, 0x00000000a3000000, 0x00000000d5580000)
  object space 573440K, 99% used [0x0000000080000000,0x00000000a2fe42e0,0x00000000a3000000)
 Metaspace       used 72677K, committed 74624K, reserved 1179648K
  class space    used 7194K, committed 8128K, reserved 1048576K
}
Event: 529.948 GC heap after
{Heap after GC invocations=14767 (full 5):
 PSYoungGen      total 10240K, used 299K [0x00000000d5580000, 0x00000000d6280000, 0x0000000100000000)
  eden space 9728K, 0% used [0x00000000d5580000,0x00000000d5580000,0x00000000d5f00000)
  from space 512K, 58% used [0x00000000d6200000,0x00000000d624ad80,0x00000000d6280000)
  to   space 512K, 0% used [0x00000000d6180000,0x00000000d6180000,0x00000000d6200000)
 ParOldGen       total 573440K, used 573432K [0x0000000080000000, 0x00000000a3000000, 0x00000000d5580000)
  object space 573440K, 99% used [0x0000000080000000,0x00000000a2ffe2e0,0x00000000a3000000)
 Metaspace       used 72677K, committed 74624K, reserved 1179648K
  class space    used 7194K, committed 8128K, reserved 1048576K
}
Event: 529.979 GC heap before
{Heap before GC invocations=14768 (full 5):
 PSYoungGen      total 10240K, used 10027K [0x00000000d5580000, 0x00000000d6280000, 0x0000000100000000)
  eden space 9728K, 100% used [0x00000000d5580000,0x00000000d5f00000,0x00000000d5f00000)
  from space 512K, 58% used [0x00000000d6200000,0x00000000d624ad80,0x00000000d6280000)
  to   space 512K, 0% used [0x00000000d6180000,0x00000000d6180000,0x00000000d6200000)
 ParOldGen       total 573440K, used 573432K [0x0000000080000000, 0x00000000a3000000, 0x00000000d5580000)
  object space 573440K, 99% used [0x0000000080000000,0x00000000a2ffe2e0,0x00000000a3000000)
 Metaspace       used 72677K, committed 74624K, reserved 1179648K
  class space    used 7194K, committed 8128K, reserved 1048576K
}

